<?xml version="1.0" encoding="UTF-8"?>
<!-- Generated by org.testng.reporters.JUnitReportReporter -->
<testsuite hostname="MSI" failures="0" tests="6" name="com.citibank.testcases.CitiBank_LoginTest" time="70.207" errors="0" timestamp="2025-01-09T11:38:21 IST" skipped="0">
  <testcase classname="com.citibank.testcases.CitiBank_LoginTest" name="TC001_LoginTest_LoginWithValidCredentials" time="14.603"/>
  <testcase classname="com.citibank.testcases.CitiBank_LoginTest" name="TC002_LoginTest_LoginWithValidUsernameAndInValidPassword" time="11.167"/>
  <testcase classname="com.citibank.testcases.CitiBank_LoginTest" name="TC003_LoginTest_LoginWithInValidUserNameAndValidPassword" time="6.372"/>
  <testcase classname="com.citibank.testcases.CitiBank_LoginTest" name="TC004_LoginTest_LoginWithOutCredentials" time="12.315"/>
  <testcase classname="com.citibank.testcases.CitiBank_LoginTest" name="TC005_LoginTest_LoginWithWrongCredentials" time="13.318"/>
  <testcase classname="com.citibank.testcases.CitiBank_LoginTest" name="TC006_LoginTest_LoginWithValidCredentialsUsingEnter" time="12.432"/>
</testsuite> <!-- com.citibank.testcases.CitiBank_LoginTest -->
